Using pre-set license
Built from '2021.3/staging' branch; Version is '2021.3.23f1 (213b516bf396) revision 2177873'; Using compiler version '192829333'; Build Type 'Release'
OS: 'Windows 11  (10.0.22621) 64bit Professional' Language: 'en' Physical Memory: 32549 MB
BatchMode: 1, IsHumanControllingUs: 0, StartBugReporterOnCrash: 0, Is64bit: 1, IsPro: 1

COMMAND LINE ARGUMENTS:
C:\Program Files\Unity\Hub\Editor\2021.3.23f1\Editor\Unity.exe
-adb2
-batchMode
-noUpm
-name
AssetImportWorker11
-projectPath
C:/Users/Magicircle/Desktop/Crossover/Crossover Assessment
-logFile
Logs/AssetImportWorker11.log
-srvPort
65177
Successfully changed project path to: C:/Users/Magicircle/Desktop/Crossover/Crossover Assessment
C:/Users/Magicircle/Desktop/Crossover/Crossover Assessment
[UnityMemory] Configuration Parameters - Can be set up in boot.config
    "memorysetup-bucket-allocator-granularity=16"
    "memorysetup-bucket-allocator-bucket-count=8"
    "memorysetup-bucket-allocator-block-size=33554432"
    "memorysetup-bucket-allocator-block-count=8"
    "memorysetup-main-allocator-block-size=16777216"
    "memorysetup-thread-allocator-block-size=16777216"
    "memorysetup-gfx-main-allocator-block-size=16777216"
    "memorysetup-gfx-thread-allocator-block-size=16777216"
    "memorysetup-cache-allocator-block-size=4194304"
    "memorysetup-typetree-allocator-block-size=2097152"
    "memorysetup-profiler-bucket-allocator-granularity=16"
    "memorysetup-profiler-bucket-allocator-bucket-count=8"
    "memorysetup-profiler-bucket-allocator-block-size=33554432"
    "memorysetup-profiler-bucket-allocator-block-count=8"
    "memorysetup-profiler-allocator-block-size=16777216"
    "memorysetup-profiler-editor-allocator-block-size=1048576"
    "memorysetup-temp-allocator-size-main=16777216"
    "memorysetup-job-temp-allocator-block-size=2097152"
    "memorysetup-job-temp-allocator-block-size-background=1048576"
    "memorysetup-job-temp-allocator-reduction-small-platforms=262144"
    "memorysetup-temp-allocator-size-background-worker=32768"
    "memorysetup-temp-allocator-size-job-worker=262144"
    "memorysetup-temp-allocator-size-preload-manager=33554432"
    "memorysetup-temp-allocator-size-nav-mesh-worker=65536"
    "memorysetup-temp-allocator-size-audio-worker=65536"
    "memorysetup-temp-allocator-size-cloud-worker=32768"
    "memorysetup-temp-allocator-size-gi-baking-worker=262144"
    "memorysetup-temp-allocator-size-gfx=262144"
Player connection [43976] Host "[IP] 192.168.0.12 [Port] 0 [Flags] 2 [Guid] 488561863 [EditorId] 488561863 [Version] 1048832 [Id] WindowsEditor(7,DESKTOP-8QFGM7O) [Debug] 1 [PackageName] WindowsEditor [ProjectName] Editor" joined multi-casting on [225.0.0.222:54997]...

Player connection [43976] Host "[IP] 192.168.0.12 [Port] 0 [Flags] 2 [Guid] 488561863 [EditorId] 488561863 [Version] 1048832 [Id] WindowsEditor(7,DESKTOP-8QFGM7O) [Debug] 1 [PackageName] WindowsEditor [ProjectName] Editor" joined alternative multi-casting on [225.0.0.222:34997]...

Refreshing native plugins compatible for Editor in 60.18 ms, found 3 plugins.
Preloading 0 native plugins for Editor in 0.00 ms.
Initialize engine version: 2021.3.23f1 (213b516bf396)
[Subsystems] Discovering subsystems at path C:/Program Files/Unity/Hub/Editor/2021.3.23f1/Editor/Data/Resources/UnitySubsystems
[Subsystems] Discovering subsystems at path C:/Users/Magicircle/Desktop/Crossover/Crossover Assessment/Assets
GfxDevice: creating device client; threaded=0; jobified=0
Direct3D:
    Version:  Direct3D 11.0 [level 11.1]
    Renderer: NVIDIA GeForce RTX 4090 (ID=0x2684)
    Vendor:   NVIDIA
    VRAM:     24156 MB
    Driver:   31.0.15.3179
Initialize mono
Mono path[0] = 'C:/Program Files/Unity/Hub/Editor/2021.3.23f1/Editor/Data/Managed'
Mono path[1] = 'C:/Program Files/Unity/Hub/Editor/2021.3.23f1/Editor/Data/MonoBleedingEdge/lib/mono/unityjit-win32'
Mono config path = 'C:/Program Files/Unity/Hub/Editor/2021.3.23f1/Editor/Data/MonoBleedingEdge/etc'
Using monoOptions --debugger-agent=transport=dt_socket,embedding=1,server=y,suspend=n,address=127.0.0.1:56404
Begin MonoManager ReloadAssembly
Registering precompiled unity dll's ...
Register platform support module: C:/Program Files/Unity/Hub/Editor/2021.3.23f1/Editor/Data/PlaybackEngines/AndroidPlayer/UnityEditor.Android.Extensions.dll
Register platform support module: C:/Program Files/Unity/Hub/Editor/2021.3.23f1/Editor/Data/PlaybackEngines/WindowsStandaloneSupport/UnityEditor.WindowsStandalone.Extensions.dll
Registered in 0.003317 seconds.
Native extension for WindowsStandalone target not found
Native extension for Android target not found
Android Extension - Scanning For ADB Devices 218 ms
Refreshing native plugins compatible for Editor in 48.05 ms, found 3 plugins.
Preloading 0 native plugins for Editor in 0.00 ms.
Mono: successfully reloaded assembly
- Completed reload, in  0.558 seconds
Domain Reload Profiling:
	ReloadAssembly (558ms)
		BeginReloadAssembly (44ms)
			ExecutionOrderSort (0ms)
			DisableScriptedObjects (0ms)
			BackupInstance (0ms)
			ReleaseScriptingObjects (0ms)
			CreateAndSetChildDomain (0ms)
		EndReloadAssembly (463ms)
			LoadAssemblies (43ms)
			RebuildTransferFunctionScriptingTraits (0ms)
			SetupTypeCache (55ms)
			ReleaseScriptCaches (0ms)
			RebuildScriptCaches (14ms)
			SetupLoadedEditorAssemblies (367ms)
				LogAssemblyErrors (0ms)
				InitializePlatformSupportModulesInManaged (252ms)
				SetLoadedEditorAssemblies (0ms)
				RefreshPlugins (48ms)
				BeforeProcessingInitializeOnLoad (1ms)
				ProcessInitializeOnLoadAttributes (44ms)
				ProcessInitializeOnLoadMethodAttributes (22ms)
				AfterProcessingInitializeOnLoad (0ms)
				EditorAssembliesLoaded (0ms)
			ExecutionOrderSort2 (0ms)
			AwakeInstancesAfterBackupRestoration (0ms)
Platform modules already initialized, skipping
Registering precompiled user dll's ...
Registered in 0.003229 seconds.
Begin MonoManager ReloadAssembly
Symbol file LoadedFromMemory doesn't match image C:\Users\Magicircle\Desktop\Crossover\Crossover Assessment\Library\PackageCache\com.unity.visualscripting@1.8.0\Editor\VisualScripting.Core\Dependencies\DotNetZip\Unity.VisualScripting.IonicZip.dll
Symbol file LoadedFromMemory doesn't match image C:\Users\Magicircle\Desktop\Crossover\Crossover Assessment\Library\PackageCache\com.unity.visualscripting@1.8.0\Editor\VisualScripting.Core\Dependencies\YamlDotNet\Unity.VisualScripting.YamlDotNet.dll
Native extension for WindowsStandalone target not found
Native extension for Android target not found
Refreshing native plugins compatible for Editor in 0.50 ms, found 3 plugins.
Preloading 0 native plugins for Editor in 0.00 ms.
Mono: successfully reloaded assembly
- Completed reload, in  0.633 seconds
Domain Reload Profiling:
	ReloadAssembly (634ms)
		BeginReloadAssembly (78ms)
			ExecutionOrderSort (0ms)
			DisableScriptedObjects (3ms)
			BackupInstance (0ms)
			ReleaseScriptingObjects (0ms)
			CreateAndSetChildDomain (26ms)
		EndReloadAssembly (501ms)
			LoadAssemblies (50ms)
			RebuildTransferFunctionScriptingTraits (0ms)
			SetupTypeCache (144ms)
			ReleaseScriptCaches (0ms)
			RebuildScriptCaches (30ms)
			SetupLoadedEditorAssemblies (259ms)
				LogAssemblyErrors (0ms)
				InitializePlatformSupportModulesInManaged (9ms)
				SetLoadedEditorAssemblies (0ms)
				RefreshPlugins (1ms)
				BeforeProcessingInitializeOnLoad (52ms)
				ProcessInitializeOnLoadAttributes (133ms)
				ProcessInitializeOnLoadMethodAttributes (59ms)
				AfterProcessingInitializeOnLoad (4ms)
				EditorAssembliesLoaded (0ms)
			ExecutionOrderSort2 (0ms)
			AwakeInstancesAfterBackupRestoration (4ms)
Platform modules already initialized, skipping
========================================================================
Worker process is ready to serve import requests
Launched and connected shader compiler UnityShaderCompiler.exe after 0.02 seconds
Refreshing native plugins compatible for Editor in 0.84 ms, found 3 plugins.
Preloading 0 native plugins for Editor in 0.00 ms.
Unloading 4087 Unused Serialized files (Serialized files now loaded: 0)
Unloading 71 unused Assets / (185.5 KB). Loaded Objects now: 4529.
Memory consumption went from 140.7 MB to 140.5 MB.
Total: 6.394700 ms (FindLiveObjects: 0.300400 ms CreateObjectMapping: 0.183400 ms MarkObjects: 5.793100 ms  DeleteObjects: 0.117000 ms)

AssetImportParameters requested are different than current active one (requested -> active):
  custom:video-decoder-ogg-theora: a1e56fd34408186e4bbccfd4996cb3dc -> 
  custom:container-muxer-webm: aa71ff27fc2769a1b78a27578f13a17b -> 
  custom:container-demuxer-webm: 4f35f7cbe854078d1ac9338744f61a02 -> 
  custom:video-encoder-webm-vp8: eb34c28f22e8b96e1ab97ce403110664 -> 
  custom:video-codec-MediaFoundation-h265: 746d11721c4dcdbdad8f713fa42b33f4 -> 
  custom:audio-encoder-webm-vorbis: bf7c407c2cedff20999df2af8eb42d56 -> 
  custom:framework-win-MediaFoundation: 216162199b28c13a410421893ffa2e32 -> 
  custom:container-demuxer-ogg: 62fdf1f143b41e24485cea50d1cbac27 -> 
  custom:video-decoder-webm-vp8: 9c59270c3fd7afecdb556c50c9e8de78 -> 
  custom:audio-decoder-ogg-vorbis: bf7c407c2cedff20999df2af8eb42d56 -> 
========================================================================
Received Import Request.
  Time since last request: 121451.700874 seconds.
  path: Assets/GUI Mobile Hyper-Casual/Sprites/Background/Background 1.png
  artifactKey: Guid(a191f75cec4d2b744972d2320950c871) Importer(815301076,1909f56bfc062723c751e8b465ee728b)
Start importing Assets/GUI Mobile Hyper-Casual/Sprites/Background/Background 1.png using Guid(a191f75cec4d2b744972d2320950c871) Importer(815301076,1909f56bfc062723c751e8b465ee728b)  -> (artifact id: '63f03c3e29235f6c6f6fdc701cd428f3') in 0.125223 seconds 
========================================================================
Received Import Request.
  Time since last request: 9.455572 seconds.
  path: Assets/GUI Mobile Hyper-Casual/Sprites/Sprites by Menu/Buttons-assets
  artifactKey: Guid(536317b466c86a648b88a577971a2ef0) Importer(815301076,1909f56bfc062723c751e8b465ee728b)
Start importing Assets/GUI Mobile Hyper-Casual/Sprites/Sprites by Menu/Buttons-assets using Guid(536317b466c86a648b88a577971a2ef0) Importer(815301076,1909f56bfc062723c751e8b465ee728b)  -> (artifact id: '5570e20cac997563490938e13c7fe5dc') in 0.006636 seconds 
========================================================================
Received Import Request.
  Time since last request: 0.072707 seconds.
  path: Assets/GUI Mobile Hyper-Casual/Sprites/Sprites by Menu/Buttons-assets/Blue Buton OK.png
  artifactKey: Guid(f0f7474323b7de24f8819a2ca4ba2fe3) Importer(815301076,1909f56bfc062723c751e8b465ee728b)
Start importing Assets/GUI Mobile Hyper-Casual/Sprites/Sprites by Menu/Buttons-assets/Blue Buton OK.png using Guid(f0f7474323b7de24f8819a2ca4ba2fe3) Importer(815301076,1909f56bfc062723c751e8b465ee728b)  -> (artifact id: '300bc76fc516dffe0e64a2c46f1e2e55') in 0.018675 seconds 
========================================================================
Received Import Request.
  Time since last request: 0.000013 seconds.
  path: Assets/GUI Mobile Hyper-Casual/Sprites/Sprites by Menu/Buttons-assets/Button1.png
  artifactKey: Guid(c22efc3f2930429409681da68ddc3019) Importer(815301076,1909f56bfc062723c751e8b465ee728b)
Start importing Assets/GUI Mobile Hyper-Casual/Sprites/Sprites by Menu/Buttons-assets/Button1.png using Guid(c22efc3f2930429409681da68ddc3019) Importer(815301076,1909f56bfc062723c751e8b465ee728b)  -> (artifact id: 'eff30ec20e145675507b2345d3752c75') in 0.013215 seconds 
========================================================================
Received Import Request.
  Time since last request: 0.000013 seconds.
  path: Assets/GUI Mobile Hyper-Casual/Sprites/Sprites by Menu/Buttons-assets/Yellow Button Claim.png
  artifactKey: Guid(bba6ca03ebdc27b4cbc2a8e996280b7b) Importer(815301076,1909f56bfc062723c751e8b465ee728b)
Start importing Assets/GUI Mobile Hyper-Casual/Sprites/Sprites by Menu/Buttons-assets/Yellow Button Claim.png using Guid(bba6ca03ebdc27b4cbc2a8e996280b7b) Importer(815301076,1909f56bfc062723c751e8b465ee728b)  -> (artifact id: 'e444b67c2959cbc0afd47fb9465d74f7') in 0.017636 seconds 
========================================================================
Received Import Request.
  Time since last request: 0.000013 seconds.
  path: Assets/GUI Mobile Hyper-Casual/Sprites/Sprites by Menu/Buttons-assets/Green Button Play.png
  artifactKey: Guid(3e9899da6293f804d928af5b41316f0d) Importer(815301076,1909f56bfc062723c751e8b465ee728b)
Start importing Assets/GUI Mobile Hyper-Casual/Sprites/Sprites by Menu/Buttons-assets/Green Button Play.png using Guid(3e9899da6293f804d928af5b41316f0d) Importer(815301076,1909f56bfc062723c751e8b465ee728b)  -> (artifact id: 'aa99de7d8b8745c7b010ebf23e76c5cb') in 0.011504 seconds 
========================================================================
Received Import Request.
  Time since last request: 0.000014 seconds.
  path: Assets/GUI Mobile Hyper-Casual/Sprites/Sprites by Menu/Buttons-assets/Purple Button Go.png
  artifactKey: Guid(3701b3d82267b6347977cbd38d77969a) Importer(815301076,1909f56bfc062723c751e8b465ee728b)
Start importing Assets/GUI Mobile Hyper-Casual/Sprites/Sprites by Menu/Buttons-assets/Purple Button Go.png using Guid(3701b3d82267b6347977cbd38d77969a) Importer(815301076,1909f56bfc062723c751e8b465ee728b)  -> (artifact id: '3a96547daa949b61076692092792fefe') in 0.012157 seconds 
========================================================================
Received Import Request.
  Time since last request: 0.000016 seconds.
  path: Assets/GUI Mobile Hyper-Casual/Sprites/Sprites by Menu/Buttons-assets/Green Button Continue.png
  artifactKey: Guid(6ba2a62783c8a3e42943a53eaa43d258) Importer(815301076,1909f56bfc062723c751e8b465ee728b)
Start importing Assets/GUI Mobile Hyper-Casual/Sprites/Sprites by Menu/Buttons-assets/Green Button Continue.png using Guid(6ba2a62783c8a3e42943a53eaa43d258) Importer(815301076,1909f56bfc062723c751e8b465ee728b)  -> (artifact id: 'b19cba6a347747a3660d54c1c1a190a3') in 0.011606 seconds 
========================================================================
Received Import Request.
  Time since last request: 0.000018 seconds.
  path: Assets/GUI Mobile Hyper-Casual/Sprites/Sprites by Menu/Buttons-assets/Pub Green Button Skip.png
  artifactKey: Guid(b022c627514338746950564b774c4ca9) Importer(815301076,1909f56bfc062723c751e8b465ee728b)
Start importing Assets/GUI Mobile Hyper-Casual/Sprites/Sprites by Menu/Buttons-assets/Pub Green Button Skip.png using Guid(b022c627514338746950564b774c4ca9) Importer(815301076,1909f56bfc062723c751e8b465ee728b)  -> (artifact id: '853674a40a74630f9affd6e89fb855b8') in 0.012299 seconds 
========================================================================
Received Import Request.
  Time since last request: 0.000013 seconds.
  path: Assets/GUI Mobile Hyper-Casual/Sprites/Sprites by Menu/Buttons-assets/Purple Button Start.png
  artifactKey: Guid(8c30c9d01d995b64ba81b32b88a3d150) Importer(815301076,1909f56bfc062723c751e8b465ee728b)
Start importing Assets/GUI Mobile Hyper-Casual/Sprites/Sprites by Menu/Buttons-assets/Purple Button Start.png using Guid(8c30c9d01d995b64ba81b32b88a3d150) Importer(815301076,1909f56bfc062723c751e8b465ee728b)  -> (artifact id: '68cd99b0b068ebafe33d0ac10004499b') in 0.014455 seconds 
========================================================================
Received Import Request.
  Time since last request: 0.000013 seconds.
  path: Assets/GUI Mobile Hyper-Casual/Sprites/Sprites by Menu/Buttons-assets/Ribbon 4.png
  artifactKey: Guid(6134f3da095c88a4a90aba0883d8c4f9) Importer(815301076,1909f56bfc062723c751e8b465ee728b)
Start importing Assets/GUI Mobile Hyper-Casual/Sprites/Sprites by Menu/Buttons-assets/Ribbon 4.png using Guid(6134f3da095c88a4a90aba0883d8c4f9) Importer(815301076,1909f56bfc062723c751e8b465ee728b)  -> (artifact id: '89f7da77360e38a1d4c259eb4a7df61c') in 0.013685 seconds 
========================================================================
Received Import Request.
  Time since last request: 0.000014 seconds.
  path: Assets/GUI Mobile Hyper-Casual/Sprites/Sprites by Menu/Buttons-assets/Purple Button Skip.png
  artifactKey: Guid(a8023ca46de518043a09430f84c63a89) Importer(815301076,1909f56bfc062723c751e8b465ee728b)
Start importing Assets/GUI Mobile Hyper-Casual/Sprites/Sprites by Menu/Buttons-assets/Purple Button Skip.png using Guid(a8023ca46de518043a09430f84c63a89) Importer(815301076,1909f56bfc062723c751e8b465ee728b)  -> (artifact id: '9065908473b67cd61f6f0749c476564e') in 0.013905 seconds 
========================================================================
Received Import Request.
  Time since last request: 0.000013 seconds.
  path: Assets/GUI Mobile Hyper-Casual/Sprites/Sprites by Menu/Buttons-assets/Button3.png
  artifactKey: Guid(4e134730a112dec4e8467371c0aceda2) Importer(815301076,1909f56bfc062723c751e8b465ee728b)
Start importing Assets/GUI Mobile Hyper-Casual/Sprites/Sprites by Menu/Buttons-assets/Button3.png using Guid(4e134730a112dec4e8467371c0aceda2) Importer(815301076,1909f56bfc062723c751e8b465ee728b)  -> (artifact id: '915325b45fafed589874ab44a9cc5021') in 0.011990 seconds 
========================================================================
Received Import Request.
  Time since last request: 0.000015 seconds.
  path: Assets/GUI Mobile Hyper-Casual/Sprites/Sprites by Menu/Buttons-assets/Purple Button Play.png
  artifactKey: Guid(70c70ad42cab3754bb007a8deeef9ca1) Importer(815301076,1909f56bfc062723c751e8b465ee728b)
Start importing Assets/GUI Mobile Hyper-Casual/Sprites/Sprites by Menu/Buttons-assets/Purple Button Play.png using Guid(70c70ad42cab3754bb007a8deeef9ca1) Importer(815301076,1909f56bfc062723c751e8b465ee728b)  -> (artifact id: '1c2df94144d88ca9ca08c9fbc32575ae') in 0.009998 seconds 
========================================================================
Received Prepare
Registering precompiled user dll's ...
Registered in 0.014032 seconds.
Begin MonoManager ReloadAssembly
Symbol file LoadedFromMemory doesn't match image C:\Users\Magicircle\Desktop\Crossover\Crossover Assessment\Library\PackageCache\com.unity.visualscripting@1.8.0\Editor\VisualScripting.Core\Dependencies\DotNetZip\Unity.VisualScripting.IonicZip.dll
Symbol file LoadedFromMemory doesn't match image C:\Users\Magicircle\Desktop\Crossover\Crossover Assessment\Library\PackageCache\com.unity.visualscripting@1.8.0\Editor\VisualScripting.Core\Dependencies\YamlDotNet\Unity.VisualScripting.YamlDotNet.dll
Native extension for WindowsStandalone target not found
Native extension for Android target not found
Refreshing native plugins compatible for Editor in 0.58 ms, found 3 plugins.
Preloading 0 native plugins for Editor in 0.00 ms.
Mono: successfully reloaded assembly
- Completed reload, in  0.670 seconds
Domain Reload Profiling:
	ReloadAssembly (670ms)
		BeginReloadAssembly (93ms)
			ExecutionOrderSort (0ms)
			DisableScriptedObjects (5ms)
			BackupInstance (0ms)
			ReleaseScriptingObjects (0ms)
			CreateAndSetChildDomain (24ms)
		EndReloadAssembly (523ms)
			LoadAssemblies (54ms)
			RebuildTransferFunctionScriptingTraits (0ms)
			SetupTypeCache (147ms)
			ReleaseScriptCaches (1ms)
			RebuildScriptCaches (22ms)
			SetupLoadedEditorAssemblies (279ms)
				LogAssemblyErrors (0ms)
				InitializePlatformSupportModulesInManaged (9ms)
				SetLoadedEditorAssemblies (0ms)
				RefreshPlugins (1ms)
				BeforeProcessingInitializeOnLoad (37ms)
				ProcessInitializeOnLoadAttributes (122ms)
				ProcessInitializeOnLoadMethodAttributes (106ms)
				AfterProcessingInitializeOnLoad (4ms)
				EditorAssembliesLoaded (0ms)
			ExecutionOrderSort2 (0ms)
			AwakeInstancesAfterBackupRestoration (5ms)
Platform modules already initialized, skipping
Refreshing native plugins compatible for Editor in 2.21 ms, found 3 plugins.
Preloading 0 native plugins for Editor in 0.00 ms.
Unloading 4089 Unused Serialized files (Serialized files now loaded: 0)
Unloading 56 unused Assets / (2.0 MB). Loaded Objects now: 4578.
Memory consumption went from 146.6 MB to 144.6 MB.
Total: 4.199200 ms (FindLiveObjects: 0.305100 ms CreateObjectMapping: 0.108800 ms MarkObjects: 3.449100 ms  DeleteObjects: 0.335500 ms)

AssetImportParameters requested are different than current active one (requested -> active):
  custom:video-decoder-ogg-theora: a1e56fd34408186e4bbccfd4996cb3dc -> 
  custom:container-muxer-webm: aa71ff27fc2769a1b78a27578f13a17b -> 
  custom:container-demuxer-webm: 4f35f7cbe854078d1ac9338744f61a02 -> 
  custom:video-encoder-webm-vp8: eb34c28f22e8b96e1ab97ce403110664 -> 
  custom:video-codec-MediaFoundation-h265: 746d11721c4dcdbdad8f713fa42b33f4 -> 
  custom:audio-encoder-webm-vorbis: bf7c407c2cedff20999df2af8eb42d56 -> 
  custom:framework-win-MediaFoundation: 216162199b28c13a410421893ffa2e32 -> 
  custom:container-demuxer-ogg: 62fdf1f143b41e24485cea50d1cbac27 -> 
  custom:video-decoder-webm-vp8: 9c59270c3fd7afecdb556c50c9e8de78 -> 
  custom:audio-decoder-ogg-vorbis: bf7c407c2cedff20999df2af8eb42d56 -> 
========================================================================
Received Import Request.
  Time since last request: 571.690530 seconds.
  path: Assets/GUI Mobile Hyper-Casual/Sprites/Sprites by Menu/Buttons-assets/Blue Buton OK.png
  artifactKey: Guid(f0f7474323b7de24f8819a2ca4ba2fe3) Importer(815301076,1909f56bfc062723c751e8b465ee728b)
Start importing Assets/GUI Mobile Hyper-Casual/Sprites/Sprites by Menu/Buttons-assets/Blue Buton OK.png using Guid(f0f7474323b7de24f8819a2ca4ba2fe3) Importer(815301076,1909f56bfc062723c751e8b465ee728b)  -> (artifact id: 'b14237bc8e5425e915c25ecbbd42d1a9') in 0.049340 seconds 
========================================================================
Received Import Request.
  Time since last request: 0.000020 seconds.
  path: Assets/GUI Mobile Hyper-Casual/Sprites/Sprites by Menu/Buttons-assets/Button1.png
  artifactKey: Guid(c22efc3f2930429409681da68ddc3019) Importer(815301076,1909f56bfc062723c751e8b465ee728b)
Start importing Assets/GUI Mobile Hyper-Casual/Sprites/Sprites by Menu/Buttons-assets/Button1.png using Guid(c22efc3f2930429409681da68ddc3019) Importer(815301076,1909f56bfc062723c751e8b465ee728b)  -> (artifact id: '553f1233fc45e7131975a71539997cfe') in 0.010313 seconds 
========================================================================
Received Import Request.
  Time since last request: 0.000014 seconds.
  path: Assets/GUI Mobile Hyper-Casual/Sprites/Sprites by Menu/Buttons-assets/Button2.png
  artifactKey: Guid(b77e64136c7b1404fbda896112c6c39a) Importer(815301076,1909f56bfc062723c751e8b465ee728b)
Start importing Assets/GUI Mobile Hyper-Casual/Sprites/Sprites by Menu/Buttons-assets/Button2.png using Guid(b77e64136c7b1404fbda896112c6c39a) Importer(815301076,1909f56bfc062723c751e8b465ee728b)  -> (artifact id: '144d0825f4d4e39cfa582f7745b48cb5') in 0.009658 seconds 
========================================================================
Received Import Request.
  Time since last request: 0.000011 seconds.
  path: Assets/GUI Mobile Hyper-Casual/Sprites/Sprites by Menu/Buttons-assets/Purple Button Next.png
  artifactKey: Guid(0a97b2887f605024390309d9df946d48) Importer(815301076,1909f56bfc062723c751e8b465ee728b)
Start importing Assets/GUI Mobile Hyper-Casual/Sprites/Sprites by Menu/Buttons-assets/Purple Button Next.png using Guid(0a97b2887f605024390309d9df946d48) Importer(815301076,1909f56bfc062723c751e8b465ee728b)  -> (artifact id: '36bfed7bdd2baafffd0e715ab41e01c0') in 0.009466 seconds 
========================================================================
Received Import Request.
  Time since last request: 0.000012 seconds.
  path: Assets/GUI Mobile Hyper-Casual/Sprites/Sprites by Menu/Buttons-assets/Ribbon 2.png
  artifactKey: Guid(911dd65a950b4164fbcf2fad2ab31ec2) Importer(815301076,1909f56bfc062723c751e8b465ee728b)
Start importing Assets/GUI Mobile Hyper-Casual/Sprites/Sprites by Menu/Buttons-assets/Ribbon 2.png using Guid(911dd65a950b4164fbcf2fad2ab31ec2) Importer(815301076,1909f56bfc062723c751e8b465ee728b)  -> (artifact id: '439a0dc8e58882a54f0b0244b8f8388d') in 0.005883 seconds 
========================================================================
Received Import Request.
  Time since last request: 0.000011 seconds.
  path: Assets/GUI Mobile Hyper-Casual/Sprites/Sprites by Menu/Buttons-assets/Green Button Play.png
  artifactKey: Guid(3e9899da6293f804d928af5b41316f0d) Importer(815301076,1909f56bfc062723c751e8b465ee728b)
Start importing Assets/GUI Mobile Hyper-Casual/Sprites/Sprites by Menu/Buttons-assets/Green Button Play.png using Guid(3e9899da6293f804d928af5b41316f0d) Importer(815301076,1909f56bfc062723c751e8b465ee728b)  -> (artifact id: '44c15cd8fe72a4160286d355e84a1b65') in 0.009777 seconds 
========================================================================
Received Import Request.
  Time since last request: 0.000016 seconds.
  path: Assets/GUI Mobile Hyper-Casual/Sprites/Sprites by Menu/Buttons-assets/Pub Yellow Button Claim.png
  artifactKey: Guid(7980464428def4046981deb967808daa) Importer(815301076,1909f56bfc062723c751e8b465ee728b)
Start importing Assets/GUI Mobile Hyper-Casual/Sprites/Sprites by Menu/Buttons-assets/Pub Yellow Button Claim.png using Guid(7980464428def4046981deb967808daa) Importer(815301076,1909f56bfc062723c751e8b465ee728b)  -> (artifact id: 'acd97bc555e4da4519a24942c39dcc4f') in 0.011226 seconds 
========================================================================
Received Import Request.
  Time since last request: 0.000012 seconds.
  path: Assets/GUI Mobile Hyper-Casual/Sprites/Sprites by Menu/Buttons-assets/Pub Blue Button Open.png
  artifactKey: Guid(aa5b428515ab5b843af56b1b1a86002a) Importer(815301076,1909f56bfc062723c751e8b465ee728b)
Start importing Assets/GUI Mobile Hyper-Casual/Sprites/Sprites by Menu/Buttons-assets/Pub Blue Button Open.png using Guid(aa5b428515ab5b843af56b1b1a86002a) Importer(815301076,1909f56bfc062723c751e8b465ee728b)  -> (artifact id: '6d24bd90ac040d90e76bee53e785ad20') in 0.010324 seconds 
========================================================================
Received Import Request.
  Time since last request: 0.000019 seconds.
  path: Assets/GUI Mobile Hyper-Casual/Sprites/Sprites by Menu/Buttons-assets/Blue Button Next.png
  artifactKey: Guid(0c6f45571ab60d243a060ab276384af0) Importer(815301076,1909f56bfc062723c751e8b465ee728b)
Start importing Assets/GUI Mobile Hyper-Casual/Sprites/Sprites by Menu/Buttons-assets/Blue Button Next.png using Guid(0c6f45571ab60d243a060ab276384af0) Importer(815301076,1909f56bfc062723c751e8b465ee728b)  -> (artifact id: 'a6d87d949074b7542198dfa2b7358131') in 0.010698 seconds 
========================================================================
Received Import Request.
  Time since last request: 0.000015 seconds.
  path: Assets/GUI Mobile Hyper-Casual/Sprites/Sprites by Menu/Buttons-assets/Blue Button Open.png
  artifactKey: Guid(12c77e29b093ae3459f9764419477d24) Importer(815301076,1909f56bfc062723c751e8b465ee728b)
Start importing Assets/GUI Mobile Hyper-Casual/Sprites/Sprites by Menu/Buttons-assets/Blue Button Open.png using Guid(12c77e29b093ae3459f9764419477d24) Importer(815301076,1909f56bfc062723c751e8b465ee728b)  -> (artifact id: '8179762ba4a16cbaa01e6b1cc7fc8a2d') in 0.009339 seconds 
========================================================================
Received Import Request.
  Time since last request: 0.000017 seconds.
  path: Assets/GUI Mobile Hyper-Casual/Sprites/Sprites by Menu/Buttons-assets/Green Button Continue.png
  artifactKey: Guid(6ba2a62783c8a3e42943a53eaa43d258) Importer(815301076,1909f56bfc062723c751e8b465ee728b)
Start importing Assets/GUI Mobile Hyper-Casual/Sprites/Sprites by Menu/Buttons-assets/Green Button Continue.png using Guid(6ba2a62783c8a3e42943a53eaa43d258) Importer(815301076,1909f56bfc062723c751e8b465ee728b)  -> (artifact id: '45584504ddbf9d59b931ccb6bcd1b7db') in 0.011189 seconds 
========================================================================
Received Import Request.
  Time since last request: 0.000021 seconds.
  path: Assets/GUI Mobile Hyper-Casual/Sprites/Sprites by Menu/Buttons-assets/Pub Blue Button Skip.png
  artifactKey: Guid(33ef6e351262d8244b3ccac0303540d7) Importer(815301076,1909f56bfc062723c751e8b465ee728b)
Start importing Assets/GUI Mobile Hyper-Casual/Sprites/Sprites by Menu/Buttons-assets/Pub Blue Button Skip.png using Guid(33ef6e351262d8244b3ccac0303540d7) Importer(815301076,1909f56bfc062723c751e8b465ee728b)  -> (artifact id: 'e61a80f1d2d352df7e72df654c7d3142') in 0.009710 seconds 
========================================================================
Received Import Request.
  Time since last request: 0.000013 seconds.
  path: Assets/GUI Mobile Hyper-Casual/Sprites/Sprites by Menu/Buttons-assets/Blue Button Start.png
  artifactKey: Guid(df27390d2f68d864a8d0d907559038cf) Importer(815301076,1909f56bfc062723c751e8b465ee728b)
Start importing Assets/GUI Mobile Hyper-Casual/Sprites/Sprites by Menu/Buttons-assets/Blue Button Start.png using Guid(df27390d2f68d864a8d0d907559038cf) Importer(815301076,1909f56bfc062723c751e8b465ee728b)  -> (artifact id: 'da7373d2c8c30f67ec4b3adf6fc883de') in 0.009872 seconds 
========================================================================
Received Import Request.
  Time since last request: 0.000013 seconds.
  path: Assets/GUI Mobile Hyper-Casual/Sprites/Sprites by Menu/Buttons-assets/Pub Green Button Skip.png
  artifactKey: Guid(b022c627514338746950564b774c4ca9) Importer(815301076,1909f56bfc062723c751e8b465ee728b)
Start importing Assets/GUI Mobile Hyper-Casual/Sprites/Sprites by Menu/Buttons-assets/Pub Green Button Skip.png using Guid(b022c627514338746950564b774c4ca9) Importer(815301076,1909f56bfc062723c751e8b465ee728b)  -> (artifact id: '803a0c0cb427febb0395a36c3bac7cef') in 0.013355 seconds 
========================================================================
Received Import Request.
  Time since last request: 0.000018 seconds.
  path: Assets/GUI Mobile Hyper-Casual/Sprites/Sprites by Menu/Buttons-assets/Ribbon 3.png
  artifactKey: Guid(f2f087fca1036be40a08d450d6c05e36) Importer(815301076,1909f56bfc062723c751e8b465ee728b)
Start importing Assets/GUI Mobile Hyper-Casual/Sprites/Sprites by Menu/Buttons-assets/Ribbon 3.png using Guid(f2f087fca1036be40a08d450d6c05e36) Importer(815301076,1909f56bfc062723c751e8b465ee728b)  -> (artifact id: 'd8ac452b3c3bb834193ae3d492cfda75') in 0.010838 seconds 
========================================================================
Received Import Request.
  Time since last request: 0.000013 seconds.
  path: Assets/GUI Mobile Hyper-Casual/Sprites/Sprites by Menu/Buttons-assets/Purple Button Claim.png
  artifactKey: Guid(c4331bb414f561844a2f235b04e04404) Importer(815301076,1909f56bfc062723c751e8b465ee728b)
Start importing Assets/GUI Mobile Hyper-Casual/Sprites/Sprites by Menu/Buttons-assets/Purple Button Claim.png using Guid(c4331bb414f561844a2f235b04e04404) Importer(815301076,1909f56bfc062723c751e8b465ee728b)  -> (artifact id: 'dec7e237185d015faa903c1ecc690fcf') in 0.012144 seconds 
========================================================================
Received Import Request.
  Time since last request: 0.000017 seconds.
  path: Assets/GUI Mobile Hyper-Casual/Sprites/Sprites by Menu/Buttons-assets/Purple Button Start.png
  artifactKey: Guid(8c30c9d01d995b64ba81b32b88a3d150) Importer(815301076,1909f56bfc062723c751e8b465ee728b)
Start importing Assets/GUI Mobile Hyper-Casual/Sprites/Sprites by Menu/Buttons-assets/Purple Button Start.png using Guid(8c30c9d01d995b64ba81b32b88a3d150) Importer(815301076,1909f56bfc062723c751e8b465ee728b)  -> (artifact id: '8a89735a2d222a5f19a162a9a29e4235') in 0.010752 seconds 
========================================================================
Received Import Request.
  Time since last request: 0.000015 seconds.
  path: Assets/GUI Mobile Hyper-Casual/Sprites/Sprites by Menu/Buttons-assets/Green Buton OK.png
  artifactKey: Guid(824710026b307d94ab3a3f9679e0ee7a) Importer(815301076,1909f56bfc062723c751e8b465ee728b)
Start importing Assets/GUI Mobile Hyper-Casual/Sprites/Sprites by Menu/Buttons-assets/Green Buton OK.png using Guid(824710026b307d94ab3a3f9679e0ee7a) Importer(815301076,1909f56bfc062723c751e8b465ee728b)  -> (artifact id: '3c6bf94d2bfa41a6bb0905985e082d46') in 0.013254 seconds 
========================================================================
Received Import Request.
  Time since last request: 0.000017 seconds.
  path: Assets/GUI Mobile Hyper-Casual/Sprites/Sprites by Menu/Buttons-assets/Blue Button Go.png
  artifactKey: Guid(e331f5ec78be0494bbedd5c512a6f739) Importer(815301076,1909f56bfc062723c751e8b465ee728b)
Start importing Assets/GUI Mobile Hyper-Casual/Sprites/Sprites by Menu/Buttons-assets/Blue Button Go.png using Guid(e331f5ec78be0494bbedd5c512a6f739) Importer(815301076,1909f56bfc062723c751e8b465ee728b)  -> (artifact id: '07c3a2b98f9600e47e3061a35bec80aa') in 0.012395 seconds 
========================================================================
Received Import Request.
  Time since last request: 0.000012 seconds.
  path: Assets/GUI Mobile Hyper-Casual/Sprites/Sprites by Menu/Buttons-assets/Blue Button Play.png
  artifactKey: Guid(1bc24571541ced84683a9fe5d7589d58) Importer(815301076,1909f56bfc062723c751e8b465ee728b)
Start importing Assets/GUI Mobile Hyper-Casual/Sprites/Sprites by Menu/Buttons-assets/Blue Button Play.png using Guid(1bc24571541ced84683a9fe5d7589d58) Importer(815301076,1909f56bfc062723c751e8b465ee728b)  -> (artifact id: '36a05e75dc711ff5eb67c86dba43c97a') in 0.012924 seconds 
========================================================================
Received Import Request.
  Time since last request: 0.000020 seconds.
  path: Assets/GUI Mobile Hyper-Casual/Sprites/Sprites by Menu/Buttons-assets/Green Button Open.png
  artifactKey: Guid(68e26dc779ccf9d46be51e13632635ec) Importer(815301076,1909f56bfc062723c751e8b465ee728b)
Start importing Assets/GUI Mobile Hyper-Casual/Sprites/Sprites by Menu/Buttons-assets/Green Button Open.png using Guid(68e26dc779ccf9d46be51e13632635ec) Importer(815301076,1909f56bfc062723c751e8b465ee728b)  -> (artifact id: '21d9d615d8fabb448141041262888ab4') in 0.010825 seconds 
========================================================================
Received Import Request.
  Time since last request: 0.000017 seconds.
  path: Assets/GUI Mobile Hyper-Casual/Sprites/Sprites by Menu/Buttons-assets/Yellow Button Open.png
  artifactKey: Guid(9cd3679652c48944a8e43ab8ccafe608) Importer(815301076,1909f56bfc062723c751e8b465ee728b)
Start importing Assets/GUI Mobile Hyper-Casual/Sprites/Sprites by Menu/Buttons-assets/Yellow Button Open.png using Guid(9cd3679652c48944a8e43ab8ccafe608) Importer(815301076,1909f56bfc062723c751e8b465ee728b)  -> (artifact id: '587e4335e48c8a0d63f54302ea6f697d') in 0.012507 seconds 
========================================================================
Received Import Request.
  Time since last request: 0.000018 seconds.
  path: Assets/GUI Mobile Hyper-Casual/Sprites/Sprites by Menu/Buttons-assets/Purple Button Skip.png
  artifactKey: Guid(a8023ca46de518043a09430f84c63a89) Importer(815301076,1909f56bfc062723c751e8b465ee728b)
Start importing Assets/GUI Mobile Hyper-Casual/Sprites/Sprites by Menu/Buttons-assets/Purple Button Skip.png using Guid(a8023ca46de518043a09430f84c63a89) Importer(815301076,1909f56bfc062723c751e8b465ee728b)  -> (artifact id: '8118cea51bfb06cf671055eb782848b8') in 0.011501 seconds 
========================================================================
Received Import Request.
  Time since last request: 0.000016 seconds.
  path: Assets/GUI Mobile Hyper-Casual/Sprites/Sprites by Menu/Buttons-assets/Yellow Button Play.png
  artifactKey: Guid(e9944d0ea1cca034bacab6d9c4305473) Importer(815301076,1909f56bfc062723c751e8b465ee728b)
Start importing Assets/GUI Mobile Hyper-Casual/Sprites/Sprites by Menu/Buttons-assets/Yellow Button Play.png using Guid(e9944d0ea1cca034bacab6d9c4305473) Importer(815301076,1909f56bfc062723c751e8b465ee728b)  -> (artifact id: '09625e7909ad91cf156ceea7466d8fc2') in 0.011761 seconds 
========================================================================
Received Import Request.
  Time since last request: 0.000125 seconds.
  path: Assets/GUI Mobile Hyper-Casual/Sprites/Sprites by Menu/Buttons-assets/Yellow Button Start.png
  artifactKey: Guid(8a4d254ef7d98c14ba5207903195c391) Importer(815301076,1909f56bfc062723c751e8b465ee728b)
Start importing Assets/GUI Mobile Hyper-Casual/Sprites/Sprites by Menu/Buttons-assets/Yellow Button Start.png using Guid(8a4d254ef7d98c14ba5207903195c391) Importer(815301076,1909f56bfc062723c751e8b465ee728b)  -> (artifact id: '04229789b04e522a4a7be1e8aadd7b63') in 0.011553 seconds 
========================================================================
Received Import Request.
  Time since last request: 0.000028 seconds.
  path: Assets/GUI Mobile Hyper-Casual/Sprites/Sprites by Menu/Buttons-assets/Pub Green Button Claim.png
  artifactKey: Guid(a07482c6da3510c458382cd04ff0347a) Importer(815301076,1909f56bfc062723c751e8b465ee728b)
Start importing Assets/GUI Mobile Hyper-Casual/Sprites/Sprites by Menu/Buttons-assets/Pub Green Button Claim.png using Guid(a07482c6da3510c458382cd04ff0347a) Importer(815301076,1909f56bfc062723c751e8b465ee728b)  -> (artifact id: 'b0be2e6a91fb21aea442e8bb3759d3a3') in 0.013494 seconds 
========================================================================
Received Import Request.
  Time since last request: 0.000018 seconds.
  path: Assets/GUI Mobile Hyper-Casual/Sprites/Sprites by Menu/Buttons-assets/Button5.png
  artifactKey: Guid(6ef4f7b7567571a47a5f17f7e2c5423d) Importer(815301076,1909f56bfc062723c751e8b465ee728b)
Start importing Assets/GUI Mobile Hyper-Casual/Sprites/Sprites by Menu/Buttons-assets/Button5.png using Guid(6ef4f7b7567571a47a5f17f7e2c5423d) Importer(815301076,1909f56bfc062723c751e8b465ee728b)  -> (artifact id: '994e6a0ae719000b5ea9bf6636d8ecdb') in 0.019394 seconds 
========================================================================
Received Import Request.
  Time since last request: 0.000012 seconds.
  path: Assets/GUI Mobile Hyper-Casual/Sprites/Sprites by Menu/Buttons-assets/Button4.png
  artifactKey: Guid(d1e9bedf2e4ee1f4c8b6911a35a51a6a) Importer(815301076,1909f56bfc062723c751e8b465ee728b)
Start importing Assets/GUI Mobile Hyper-Casual/Sprites/Sprites by Menu/Buttons-assets/Button4.png using Guid(d1e9bedf2e4ee1f4c8b6911a35a51a6a) Importer(815301076,1909f56bfc062723c751e8b465ee728b)  -> (artifact id: 'b0e4df2af2b4f17ba94218dbbbda3c19') in 0.010651 seconds 
========================================================================
Received Import Request.
  Time since last request: 0.000013 seconds.
  path: Assets/GUI Mobile Hyper-Casual/Sprites/Sprites by Menu/Buttons-assets/Purple Buton OK.png
  artifactKey: Guid(e20f7e2cd67f04e49b68ffa746f674f3) Importer(815301076,1909f56bfc062723c751e8b465ee728b)
Start importing Assets/GUI Mobile Hyper-Casual/Sprites/Sprites by Menu/Buttons-assets/Purple Buton OK.png using Guid(e20f7e2cd67f04e49b68ffa746f674f3) Importer(815301076,1909f56bfc062723c751e8b465ee728b)  -> (artifact id: '84b95c6b38b76c30914a399eada1e5c9') in 0.019496 seconds 
========================================================================
Received Import Request.
  Time since last request: 0.000018 seconds.
  path: Assets/GUI Mobile Hyper-Casual/Sprites/Sprites by Menu/Buttons-assets/Purple Button Play.png
  artifactKey: Guid(70c70ad42cab3754bb007a8deeef9ca1) Importer(815301076,1909f56bfc062723c751e8b465ee728b)
Start importing Assets/GUI Mobile Hyper-Casual/Sprites/Sprites by Menu/Buttons-assets/Purple Button Play.png using Guid(70c70ad42cab3754bb007a8deeef9ca1) Importer(815301076,1909f56bfc062723c751e8b465ee728b)  -> (artifact id: '30afc9c37a4397df420fd99e66024c43') in 0.010771 seconds 
========================================================================
Received Import Request.
  Time since last request: 63.533020 seconds.
  path: Assets/StylizedWater/Prefabs/StylizedWater_Mobile.prefab
  artifactKey: Guid(aad92e3fb9d6ac741b40be74dcab3cd5) Importer(815301076,1909f56bfc062723c751e8b465ee728b)
Start importing Assets/StylizedWater/Prefabs/StylizedWater_Mobile.prefab using Guid(aad92e3fb9d6ac741b40be74dcab3cd5) Importer(815301076,1909f56bfc062723c751e8b465ee728b)  -> (artifact id: 'ff4d67a381e0c50d0bf220db7a1c6abb') in 0.171358 seconds 
========================================================================
Received Import Request.
  Time since last request: 19.273400 seconds.
  path: Assets/Materials/Grass/Grass_Dense_Tint_01_Base_B 1.mat
  artifactKey: Guid(418747c3b18e6434e9619e6cb425936b) Importer(815301076,1909f56bfc062723c751e8b465ee728b)
Start importing Assets/Materials/Grass/Grass_Dense_Tint_01_Base_B 1.mat using Guid(418747c3b18e6434e9619e6cb425936b) Importer(815301076,1909f56bfc062723c751e8b465ee728b)  -> (artifact id: '8da689b98de5e300bd7a347bf33a8d84') in 0.036627 seconds 
========================================================================
Received Import Request.
  Time since last request: 0.000016 seconds.
  path: Assets/Materials/Grass/Grass_Dense_Tint_01_Base_C 1.mat
  artifactKey: Guid(494b16653783f674dbfacc8325ff1074) Importer(815301076,1909f56bfc062723c751e8b465ee728b)
Start importing Assets/Materials/Grass/Grass_Dense_Tint_01_Base_C 1.mat using Guid(494b16653783f674dbfacc8325ff1074) Importer(815301076,1909f56bfc062723c751e8b465ee728b)  -> (artifact id: '77b84777e9a5dc0d84019d9f2f195b39') in 0.024221 seconds 
========================================================================
Received Import Request.
  Time since last request: 1006.869918 seconds.
  path: Assets/Materials/Rock/Rocks_Volcanic_B 1.mat
  artifactKey: Guid(c59421a0e2cdbdb4e9acacd423a45edc) Importer(815301076,1909f56bfc062723c751e8b465ee728b)
Start importing Assets/Materials/Rock/Rocks_Volcanic_B 1.mat using Guid(c59421a0e2cdbdb4e9acacd423a45edc) Importer(815301076,1909f56bfc062723c751e8b465ee728b)  -> (artifact id: 'dc644c9c5d7566c3b40616ad64e9dd28') in 0.030705 seconds 
========================================================================
Received Import Request.
  Time since last request: 0.000017 seconds.
  path: Assets/Materials/Rock/Rocks_Volcanic_C 1.mat
  artifactKey: Guid(4aba6d1f7d74bdd49bff87b186c1e631) Importer(815301076,1909f56bfc062723c751e8b465ee728b)
Start importing Assets/Materials/Rock/Rocks_Volcanic_C 1.mat using Guid(4aba6d1f7d74bdd49bff87b186c1e631) Importer(815301076,1909f56bfc062723c751e8b465ee728b)  -> (artifact id: 'cf90a34bb2fb080f075f138573289623') in 0.037511 seconds 
========================================================================
Received Import Request.
  Time since last request: 0.000023 seconds.
  path: Assets/Materials/Rock/Wall_Brick_C 1.mat
  artifactKey: Guid(2fa0fb1239d90e547bc1a8382b587c81) Importer(815301076,1909f56bfc062723c751e8b465ee728b)
Start importing Assets/Materials/Rock/Wall_Brick_C 1.mat using Guid(2fa0fb1239d90e547bc1a8382b587c81) Importer(815301076,1909f56bfc062723c751e8b465ee728b)  -> (artifact id: 'a74fcb04f4edfd43bff15dd299fd98c2') in 0.028983 seconds 
Editor requested this worker to shutdown with reason: Scaling down because of idle timeout
AssetImportWorker is now disconnected from the server
Process exiting
Exiting without the bug reporter. Application will terminate with return code 0